<?xml version="1.0" encoding="UTF-8"?>
<testsuite xmlns:xsi="http://www.w3.org/2001/XMLSchema-instance" xsi:noNamespaceSchemaLocation="https://maven.apache.org/surefire/maven-surefire-plugin/xsd/surefire-test-report-3.0.xsd" version="3.0" name="TestSuite" time="141.025" tests="5" errors="0" skipped="0" failures="0">
  <properties>
[...]
</properties>
  <testcase name="Metronome_URLlogin" classname="metronome.MetronomeURL" time="85.698"/>
  <testcase name="FilePath" classname="metronome.MetronomeURL" time="22.428"/>
  <testcase name="ScreenCap" classname="metronome.MetronomeURL" time="2.196"/>
  <testcase name="FileClose" classname="metronome.MetronomeURL" time="20.005"/>
  <testcase name="JavaEmail" classname="metronome.MetronomeURL" time="9.683"/>
</testsuite>