<?xml version="1.0" encoding="UTF-8"?>
<testng-results skipped="0" failed="0" total="5" passed="5">
  <reporter-output>
  </reporter-output>
  <suite name="Default suite" duration-ms="134916" started-at="2019-11-15T18:04:16Z" finished-at="2019-11-15T18:06:30Z">
    <groups>
    </groups>
    <test name="Default test" duration-ms="134916" started-at="2019-11-15T18:04:16Z" finished-at="2019-11-15T18:06:30Z">
      <class name="metronome.MetronomeURL">
        <test-method status="PASS" signature="ProcedureStart()[pri:0, instance:metronome.MetronomeURL@dafa95]" name="ProcedureStart" is-config="true" duration-ms="6" started-at="2019-11-15T10:04:16Z" finished-at="2019-11-15T10:04:16Z">
          <reporter-output>
          </reporter-output>
        </test-method> <!-- ProcedureStart -->
        <test-method status="PASS" signature="Metronome_URLlogin()[pri:1, instance:metronome.MetronomeURL@dafa95]" name="Metronome_URLlogin" duration-ms="81293" started-at="2019-11-15T10:04:16Z" finished-at="2019-11-15T10:05:37Z">
          <reporter-output>
          </reporter-output>
        </test-method> <!-- Metronome_URLlogin -->
        <test-method status="PASS" signature="closeBrowser()[pri:0, instance:metronome.MetronomeURL@dafa95]" name="closeBrowser" is-config="true" duration-ms="0" started-at="2019-11-15T10:05:37Z" finished-at="2019-11-15T10:05:37Z">
          <reporter-output>
          </reporter-output>
        </test-method> <!-- closeBrowser -->
        <test-method status="PASS" signature="ProcedureStart()[pri:0, instance:metronome.MetronomeURL@dafa95]" name="ProcedureStart" is-config="true" duration-ms="0" started-at="2019-11-15T10:05:37Z" finished-at="2019-11-15T10:05:37Z">
          <reporter-output>
          </reporter-output>
        </test-method> <!-- ProcedureStart -->
        <test-method status="PASS" signature="FilePath()[pri:2, instance:metronome.MetronomeURL@dafa95]" name="FilePath" duration-ms="20552" started-at="2019-11-15T10:05:37Z" finished-at="2019-11-15T10:05:57Z">
          <reporter-output>
          </reporter-output>
        </test-method> <!-- FilePath -->
        <test-method status="PASS" signature="closeBrowser()[pri:0, instance:metronome.MetronomeURL@dafa95]" name="closeBrowser" is-config="true" duration-ms="0" started-at="2019-11-15T10:05:57Z" finished-at="2019-11-15T10:05:57Z">
          <reporter-output>
          </reporter-output>
        </test-method> <!-- closeBrowser -->
        <test-method status="PASS" signature="ScreenCap()[pri:3, instance:metronome.MetronomeURL@dafa95]" name="ScreenCap" duration-ms="2135" started-at="2019-11-15T10:05:57Z" finished-at="2019-11-15T10:06:00Z">
          <reporter-output>
          </reporter-output>
        </test-method> <!-- ScreenCap -->
        <test-method status="PASS" signature="ProcedureStart()[pri:0, instance:metronome.MetronomeURL@dafa95]" name="ProcedureStart" is-config="true" duration-ms="0" started-at="2019-11-15T10:05:57Z" finished-at="2019-11-15T10:05:57Z">
          <reporter-output>
          </reporter-output>
        </test-method> <!-- ProcedureStart -->
        <test-method status="PASS" signature="closeBrowser()[pri:0, instance:metronome.MetronomeURL@dafa95]" name="closeBrowser" is-config="true" duration-ms="0" started-at="2019-11-15T10:06:00Z" finished-at="2019-11-15T10:06:00Z">
          <reporter-output>
          </reporter-output>
        </test-method> <!-- closeBrowser -->
        <test-method status="PASS" signature="FileClose()[pri:4, instance:metronome.MetronomeURL@dafa95]" name="FileClose" duration-ms="20005" started-at="2019-11-15T10:06:00Z" finished-at="2019-11-15T10:06:20Z">
          <reporter-output>
          </reporter-output>
        </test-method> <!-- FileClose -->
        <test-method status="PASS" signature="ProcedureStart()[pri:0, instance:metronome.MetronomeURL@dafa95]" name="ProcedureStart" is-config="true" duration-ms="0" started-at="2019-11-15T10:06:00Z" finished-at="2019-11-15T10:06:00Z">
          <reporter-output>
          </reporter-output>
        </test-method> <!-- ProcedureStart -->
        <test-method status="PASS" signature="closeBrowser()[pri:0, instance:metronome.MetronomeURL@dafa95]" name="closeBrowser" is-config="true" duration-ms="0" started-at="2019-11-15T10:06:20Z" finished-at="2019-11-15T10:06:20Z">
          <reporter-output>
          </reporter-output>
        </test-method> <!-- closeBrowser -->
        <test-method status="PASS" signature="JavaEmail()[pri:5, instance:metronome.MetronomeURL@dafa95]" name="JavaEmail" duration-ms="10889" started-at="2019-11-15T10:06:20Z" finished-at="2019-11-15T10:06:30Z">
          <reporter-output>
          </reporter-output>
        </test-method> <!-- JavaEmail -->
        <test-method status="PASS" signature="ProcedureStart()[pri:0, instance:metronome.MetronomeURL@dafa95]" name="ProcedureStart" is-config="true" duration-ms="0" started-at="2019-11-15T10:06:20Z" finished-at="2019-11-15T10:06:20Z">
          <reporter-output>
          </reporter-output>
        </test-method> <!-- ProcedureStart -->
        <test-method status="PASS" signature="closeBrowser()[pri:0, instance:metronome.MetronomeURL@dafa95]" name="closeBrowser" is-config="true" duration-ms="0" started-at="2019-11-15T10:06:30Z" finished-at="2019-11-15T10:06:30Z">
          <reporter-output>
          </reporter-output>
        </test-method> <!-- closeBrowser -->
      </class> <!-- metronome.MetronomeURL -->
    </test> <!-- Default test -->
  </suite> <!-- Default suite -->
</testng-results>
